0 info it worked if it ends with ok
1 verbose cli [ 'C:\\Program Files\\nodejs\\node.exe',
1 verbose cli   'C:\\Program Files\\nodejs\\node_modules\\npm\\bin\\npm-cli.js',
1 verbose cli   'run',
1 verbose cli   'lite' ]
2 info using npm@3.3.12
3 info using node@v5.2.0
4 verbose run-script [ 'prelite', 'lite', 'postlite' ]
5 info lifecycle my-app@1.0.0~prelite: my-app@1.0.0
6 silly lifecycle my-app@1.0.0~prelite: no script for prelite, continuing
7 info lifecycle my-app@1.0.0~lite: my-app@1.0.0
8 verbose lifecycle my-app@1.0.0~lite: unsafe-perm in lifecycle true
9 verbose lifecycle my-app@1.0.0~lite: PATH: C:\Program Files\nodejs\node_modules\npm\bin\node-gyp-bin;C:\Users\LeviF\OneDrive\Source Code\Github\Credera_Angular2_Demo\node_modules\.bin;C:\Program Files\nodejs\node_modules\npm\bin\node-gyp-bin;C:\Users\LeviF\OneDrive\Source Code\Github\Credera_Angular2_Demo\node_modules\.bin;C:\Windows\system32;C:\Windows;C:\Windows\System32\Wbem;C:\Windows\System32\WindowsPowerShell\v1.0\;C:\Program Files (x86)\NVIDIA Corporation\PhysX\Common;C:\Program Files\Microsoft SQL Server\120\Tools\Binn\;C:\WINDOWS\system32;C:\WINDOWS;C:\WINDOWS\System32\Wbem;C:\WINDOWS\System32\WindowsPowerShell\v1.0\;C:\Program Files (x86)\Skype\Phone\;C:\Users\LeviF\.dnx\bin;C:\Program Files\Microsoft DNX\Dnvm\;C:\Program Files (x86)\Microsoft SQL Server\Client SDK\ODBC\110\Tools\Binn\;C:\Program Files (x86)\Microsoft SQL Server\120\Tools\Binn\ManagementStudio\;C:\Program Files (x86)\Microsoft SQL Server\120\Tools\Binn\;C:\Program Files (x86)\Microsoft SQL Server\120\DTS\Binn\;C:\Program Files\nodejs\;C:\Program Files (x86)\Windows Kits\10\Windows Performance Toolkit\;C:\Program Files\Git\cmd;C:\Users\LeviF\.dnx\bin;C:\Program Files (x86)\Microsoft VS Code\bin;C:\Users\LeviF\AppData\Roaming\npm;C:\Users\LeviF\AppData\Local\Programs\Git\cmd
10 verbose lifecycle my-app@1.0.0~lite: CWD: C:\Users\LeviF\OneDrive\Source Code\Github\Credera_Angular2_Demo
11 silly lifecycle my-app@1.0.0~lite: Args: [ '/d /s /c', 'lite-server' ]
12 silly lifecycle my-app@1.0.0~lite: Returned: code: 3221225786  signal: null
13 info lifecycle my-app@1.0.0~lite: Failed to exec lite script
14 verbose stack Error: my-app@1.0.0 lite: `lite-server`
14 verbose stack Exit status 3221225786
14 verbose stack     at EventEmitter.<anonymous> (C:\Program Files\nodejs\node_modules\npm\lib\utils\lifecycle.js:232:16)
14 verbose stack     at emitTwo (events.js:88:13)
14 verbose stack     at EventEmitter.emit (events.js:173:7)
14 verbose stack     at ChildProcess.<anonymous> (C:\Program Files\nodejs\node_modules\npm\lib\utils\spawn.js:24:14)
14 verbose stack     at emitTwo (events.js:88:13)
14 verbose stack     at ChildProcess.emit (events.js:173:7)
14 verbose stack     at maybeClose (internal/child_process.js:819:16)
14 verbose stack     at Process.ChildProcess._handle.onexit (internal/child_process.js:212:5)
15 verbose pkgid my-app@1.0.0
16 verbose cwd C:\Users\LeviF\OneDrive\Source Code\Github\Credera_Angular2_Demo
17 error Windows_NT 10.0.14251
18 error argv "C:\\Program Files\\nodejs\\node.exe" "C:\\Program Files\\nodejs\\node_modules\\npm\\bin\\npm-cli.js" "run" "lite"
19 error node v5.2.0
20 error npm  v3.3.12
21 error code ELIFECYCLE
22 error my-app@1.0.0 lite: `lite-server`
22 error Exit status 3221225786
23 error Failed at the my-app@1.0.0 lite script 'lite-server'.
23 error Make sure you have the latest version of node.js and npm installed.
23 error If you do, this is most likely a problem with the my-app package,
23 error not with npm itself.
23 error Tell the author that this fails on your system:
23 error     lite-server
23 error You can get their info via:
23 error     npm owner ls my-app
23 error There is likely additional logging output above.
24 verbose exit [ 1, true ]
